<?xml version="1.0" encoding="UTF-8"?>
<!-- Generated by org.testng.reporters.JUnitXMLReporter -->
<testsuite ignored="6" hostname="DESKTOP-3BDCUU4" failures="0" tests="1" name="Default test" time="26.884" errors="0" timestamp="2023-07-20T15:56:44 IST">
  <testcase classname="TestNg.TestNgPractice" name="test5" time="15.97"/>
  <testcase classname="TestNg.TestNgPractice" name="test2" time="0.0">
    <ignored/>
  </testcase> <!-- test2 -->
  <testcase classname="TestNg.TestNgPractice" name="test3" time="0.0">
    <ignored/>
  </testcase> <!-- test3 -->
  <testcase classname="TestNg.TestNgPractice" name="test4" time="0.0">
    <ignored/>
  </testcase> <!-- test4 -->
  <testcase classname="TestNg.TestNgPractice" name="test1" time="0.0">
    <ignored/>
  </testcase> <!-- test1 -->
  <testcase classname="TestNg.TestNgPractice" name="test6" time="0.0">
    <ignored/>
  </testcase> <!-- test6 -->
  <testcase classname="TestNg.TestNgPractice" name="test7" time="0.0">
    <ignored/>
  </testcase> <!-- test7 -->
</testsuite> <!-- Default test -->
