<?xml version="1.0" encoding="UTF-8"?>
<!-- Generated by org.testng.reporters.JUnitXMLReporter -->
<testsuite ignored="4" hostname="DESKTOP-3BDCUU4" failures="0" tests="1" name="Default test" time="27.806" errors="0" timestamp="2023-06-28T14:51:01 IST">
  <testcase classname="TestNg.TestNgPractice" name="test5" time="14.891"/>
  <testcase classname="TestNg.TestNgPractice" name="test3" time="0.0">
    <ignored/>
  </testcase> <!-- test3 -->
  <testcase classname="TestNg.TestNgPractice" name="test" time="0.0">
    <ignored/>
  </testcase> <!-- test -->
  <testcase classname="TestNg.TestNgPractice" name="test2" time="0.0">
    <ignored/>
  </testcase> <!-- test2 -->
  <testcase classname="TestNg.TestNgPractice" name="test4" time="0.0">
    <ignored/>
  </testcase> <!-- test4 -->
</testsuite> <!-- Default test -->
