<?xml version="1.0" encoding="UTF-8"?>
<testng-results ignored="0" total="1" passed="1" failed="0" skipped="0">
  <reporter-output>
  </reporter-output>
  <suite started-at="2023-06-28T14:50:33 IST" name="Default suite" finished-at="2023-06-28T14:51:01 IST" duration-ms="27806">
    <groups>
    </groups>
    <test started-at="2023-06-28T14:50:33 IST" name="Default test" finished-at="2023-06-28T14:51:01 IST" duration-ms="27806">
      <class name="TestNg.TestNgPractice">
        <test-method is-config="true" signature="setup()[pri:0, instance:TestNg.TestNgPractice@4afcd809]" started-at="2023-06-28T14:50:34 IST" name="setup" finished-at="2023-06-28T14:50:46 IST" duration-ms="12412" status="PASS">
          <reporter-output>
          </reporter-output>
        </test-method> <!-- setup -->
        <test-method signature="test5()[pri:0, instance:TestNg.TestNgPractice@4afcd809]" started-at="2023-06-28T14:50:46 IST" name="test5" finished-at="2023-06-28T14:51:01 IST" duration-ms="14891" status="PASS">
          <reporter-output>
          </reporter-output>
        </test-method> <!-- test5 -->
        <test-method is-config="true" signature="teardown()[pri:0, instance:TestNg.TestNgPractice@4afcd809]" started-at="2023-06-28T14:51:01 IST" name="teardown" finished-at="2023-06-28T14:51:01 IST" duration-ms="414" status="PASS">
          <reporter-output>
          </reporter-output>
        </test-method> <!-- teardown -->
      </class> <!-- TestNg.TestNgPractice -->
    </test> <!-- Default test -->
  </suite> <!-- Default suite -->
</testng-results>
