<?xml version="1.0" encoding="UTF-8"?>
<testng-results ignored="0" total="1" passed="1" failed="0" skipped="0">
  <reporter-output>
  </reporter-output>
  <suite started-at="2023-07-20T15:56:17 IST" name="Default suite" finished-at="2023-07-20T15:56:44 IST" duration-ms="26884">
    <groups>
    </groups>
    <test started-at="2023-07-20T15:56:17 IST" name="Default test" finished-at="2023-07-20T15:56:44 IST" duration-ms="26884">
      <class name="TestNg.TestNgPractice">
        <test-method is-config="true" signature="setup()[pri:0, instance:TestNg.TestNgPractice@75d4a5c2]" started-at="2023-07-20T15:56:17 IST" name="setup" finished-at="2023-07-20T15:56:27 IST" duration-ms="10441" status="PASS">
          <reporter-output>
          </reporter-output>
        </test-method> <!-- setup -->
        <test-method signature="test5()[pri:0, instance:TestNg.TestNgPractice@75d4a5c2]" started-at="2023-07-20T15:56:27 IST" name="test5" finished-at="2023-07-20T15:56:43 IST" duration-ms="15970" status="PASS">
          <reporter-output>
          </reporter-output>
        </test-method> <!-- test5 -->
        <test-method is-config="true" signature="teardown()[pri:0, instance:TestNg.TestNgPractice@75d4a5c2]" started-at="2023-07-20T15:56:43 IST" name="teardown" finished-at="2023-07-20T15:56:44 IST" duration-ms="402" status="PASS">
          <reporter-output>
          </reporter-output>
        </test-method> <!-- teardown -->
      </class> <!-- TestNg.TestNgPractice -->
    </test> <!-- Default test -->
  </suite> <!-- Default suite -->
</testng-results>
